# JRE version: Java(TM) SE Runtime Environment (8.0_231-b11) (build 1.8.0_231-b11)
# Java VM: Java HotSpot(TM) 64-Bit Server VM (25.231-b11 mixed mode windows-amd64 compressed oops)
Heap:
 PSYoungGen      total 423936K, used 322182K [0x00000000d5580000, 0x00000000f5a80000, 0x0000000100000000)
  eden space 389120K, 73% used [0x00000000d5580000,0x00000000e6e27110,0x00000000ed180000)
  from space 34816K, 99% used [0x00000000f3880000,0x00000000f5a7aa80,0x00000000f5a80000)
  to   space 36864K, 0% used [0x00000000ed180000,0x00000000ed180000,0x00000000ef580000)
 ParOldGen       total 243200K, used 60959K [0x0000000080000000, 0x000000008ed80000, 0x00000000d5580000)
  object space 243200K, 25% used [0x0000000080000000,0x0000000083b87f88,0x000000008ed80000)
 Metaspace       used 111763K, capacity 117464K, committed 117696K, reserved 1150976K
  class space    used 14639K, capacity 15726K, committed 15872K, reserved 1048576K
GC Heap History (10 events):
Event: 3150.009 GC heap before
{Heap before GC invocations=16 (full 3):
 PSYoungGen      total 352768K, used 352364K [0x00000000d5580000, 0x00000000ed380000, 0x0000000100000000)
  eden space 333312K, 100% used [0x00000000d5580000,0x00000000e9b00000,0x00000000e9b00000)
  from space 19456K, 97% used [0x00000000ec080000,0x00000000ed31b128,0x00000000ed380000)
  to   space 28160K, 0% used [0x00000000e9c80000,0x00000000e9c80000,0x00000000eb800000)
 ParOldGen       total 168448K, used 63422K [0x0000000080000000, 0x000000008a480000, 0x00000000d5580000)
  object space 168448K, 37% used [0x0000000080000000,0x0000000083def928,0x000000008a480000)
 Metaspace       used 91493K, capacity 96728K, committed 96984K, reserved 1132544K
  class space    used 12040K, capacity 13048K, committed 13056K, reserved 1048576K
Event: 3150.033 GC heap after
Heap after GC invocations=16 (full 3):
 PSYoungGen      total 363008K, used 28157K [0x00000000d5580000, 0x00000000f1900000, 0x0000000100000000)
  eden space 334848K, 0% used [0x00000000d5580000,0x00000000d5580000,0x00000000e9c80000)
  from space 28160K, 99% used [0x00000000e9c80000,0x00000000eb7ff4c8,0x00000000eb800000)
  to   space 36352K, 0% used [0x00000000ef580000,0x00000000ef580000,0x00000000f1900000)
 ParOldGen       total 168448K, used 75774K [0x0000000080000000, 0x000000008a480000, 0x00000000d5580000)
  object space 168448K, 44% used [0x0000000080000000,0x00000000849ff938,0x000000008a480000)
 Metaspace       used 91493K, capacity 96728K, committed 96984K, reserved 1132544K
  class space    used 12040K, capacity 13048K, committed 13056K, reserved 1048576K
}
Event: 3150.851 GC heap before
{Heap before GC invocations=17 (full 3):
 PSYoungGen      total 363008K, used 93962K [0x00000000d5580000, 0x00000000f1900000, 0x0000000100000000)
  eden space 334848K, 19% used [0x00000000d5580000,0x00000000d95c35c0,0x00000000e9c80000)
  from space 28160K, 99% used [0x00000000e9c80000,0x00000000eb7ff4c8,0x00000000eb800000)
  to   space 36352K, 0% used [0x00000000ef580000,0x00000000ef580000,0x00000000f1900000)
 ParOldGen       total 168448K, used 75774K [0x0000000080000000, 0x000000008a480000, 0x00000000d5580000)
  object space 168448K, 44% used [0x0000000080000000,0x00000000849ff938,0x000000008a480000)
 Metaspace       used 93070K, capacity 98388K, committed 98496K, reserved 1134592K
  class space    used 12245K, capacity 13290K, committed 13312K, reserved 1048576K
Event: 3150.870 GC heap after
Heap after GC invocations=17 (full 3):
 PSYoungGen      total 425472K, used 4011K [0x00000000d5580000, 0x00000000f1d80000, 0x0000000100000000)
  eden space 389120K, 0% used [0x00000000d5580000,0x00000000d5580000,0x00000000ed180000)
  from space 36352K, 11% used [0x00000000ef580000,0x00000000ef96aee0,0x00000000f1900000)
  to   space 36864K, 0% used [0x00000000ed180000,0x00000000ed180000,0x00000000ef580000)
 ParOldGen       total 168448K, used 102768K [0x0000000080000000, 0x000000008a480000, 0x00000000d5580000)
  object space 168448K, 61% used [0x0000000080000000,0x000000008645c0d0,0x000000008a480000)
 Metaspace       used 93070K, capacity 98388K, committed 98496K, reserved 1134592K
  class space    used 12245K, capacity 13290K, committed 13312K, reserved 1048576K
}
Event: 3150.870 GC heap before
{Heap before GC invocations=18 (full 4):
 PSYoungGen      total 425472K, used 4011K [0x00000000d5580000, 0x00000000f1d80000, 0x0000000100000000)
  eden space 389120K, 0% used [0x00000000d5580000,0x00000000d5580000,0x00000000ed180000)
  from space 36352K, 11% used [0x00000000ef580000,0x00000000ef96aee0,0x00000000f1900000)
  to   space 36864K, 0% used [0x00000000ed180000,0x00000000ed180000,0x00000000ef580000)
 ParOldGen       total 168448K, used 102768K [0x0000000080000000, 0x000000008a480000, 0x00000000d5580000)
  object space 168448K, 61% used [0x0000000080000000,0x000000008645c0d0,0x000000008a480000)
 Metaspace       used 93070K, capacity 98388K, committed 98496K, reserved 1134592K
  class space    used 12245K, capacity 13290K, committed 13312K, reserved 1048576K
Event: 3151.034 GC heap after
Heap after GC invocations=18 (full 4):
 PSYoungGen      total 425472K, used 0K [0x00000000d5580000, 0x00000000f1d80000, 0x0000000100000000)
  eden space 389120K, 0% used [0x00000000d5580000,0x00000000d5580000,0x00000000ed180000)
  from space 36352K, 0% used [0x00000000ef580000,0x00000000ef580000,0x00000000f1900000)
  to   space 36864K, 0% used [0x00000000ed180000,0x00000000ed180000,0x00000000ef580000)
 ParOldGen       total 243200K, used 51855K [0x0000000080000000, 0x000000008ed80000, 0x00000000d5580000)
  object space 243200K, 21% used [0x0000000080000000,0x00000000832a3c48,0x000000008ed80000)
 Metaspace       used 92216K, capacity 96344K, committed 98496K, reserved 1134592K
  class space    used 12010K, capacity 12836K, committed 13312K, reserved 1048576K
}
Event: 3153.882 GC heap before
{Heap before GC invocations=19 (full 4):
 PSYoungGen      total 425472K, used 389120K [0x00000000d5580000, 0x00000000f1d80000, 0x0000000100000000)
  eden space 389120K, 100% used [0x00000000d5580000,0x00000000ed180000,0x00000000ed180000)
  from space 36352K, 0% used [0x00000000ef580000,0x00000000ef580000,0x00000000f1900000)
  to   space 36864K, 0% used [0x00000000ed180000,0x00000000ed180000,0x00000000ef580000)
 ParOldGen       total 243200K, used 51855K [0x0000000080000000, 0x000000008ed80000, 0x00000000d5580000)
  object space 243200K, 21% used [0x0000000080000000,0x00000000832a3c48,0x000000008ed80000)
 Metaspace       used 101468K, capacity 105822K, committed 106944K, reserved 1142784K
  class space    used 13148K, capacity 14047K, committed 14336K, reserved 1048576K
Event: 3153.896 GC heap after
Heap after GC invocations=19 (full 4):
 PSYoungGen      total 425984K, used 13574K [0x00000000d5580000, 0x00000000f5a80000, 0x0000000100000000)
  eden space 389120K, 0% used [0x00000000d5580000,0x00000000d5580000,0x00000000ed180000)
  from space 36864K, 36% used [0x00000000ed180000,0x00000000edec18e0,0x00000000ef580000)
  to   space 34816K, 0% used [0x00000000f3880000,0x00000000f3880000,0x00000000f5a80000)
 ParOldGen       total 243200K, used 51863K [0x0000000080000000, 0x000000008ed80000, 0x00000000d5580000)
  object space 243200K, 21% used [0x0000000080000000,0x00000000832a5c48,0x000000008ed80000)
 Metaspace       used 101468K, capacity 105822K, committed 106944K, reserved 1142784K
  class space    used 13148K, capacity 14047K, committed 14336K, reserved 1048576K
}
Event: 3155.569 GC heap before
{Heap before GC invocations=20 (full 4):
 PSYoungGen      total 425984K, used 402694K [0x00000000d5580000, 0x00000000f5a80000, 0x0000000100000000)
  eden space 389120K, 100% used [0x00000000d5580000,0x00000000ed180000,0x00000000ed180000)
  from space 36864K, 36% used [0x00000000ed180000,0x00000000edec18e0,0x00000000ef580000)
  to   space 34816K, 0% used [0x00000000f3880000,0x00000000f3880000,0x00000000f5a80000)
 ParOldGen       total 243200K, used 51863K [0x0000000080000000, 0x000000008ed80000, 0x00000000d5580000)
  object space 243200K, 21% used [0x0000000080000000,0x00000000832a5c48,0x000000008ed80000)
 Metaspace       used 111015K, capacity 116618K, committed 116928K, reserved 1150976K
  class space    used 14550K, capacity 15611K, committed 15872K, reserved 1048576K
Event: 3155.595 GC heap after
Heap after GC invocations=20 (full 4):
 PSYoungGen      total 423936K, used 34794K [0x00000000d5580000, 0x00000000f5a80000, 0x0000000100000000)
  eden space 389120K, 0% used [0x00000000d5580000,0x00000000d5580000,0x00000000ed180000)
  from space 34816K, 99% used [0x00000000f3880000,0x00000000f5a7aa80,0x00000000f5a80000)
  to   space 36864K, 0% used [0x00000000ed180000,0x00000000ed180000,0x00000000ef580000)
 ParOldGen       total 243200K, used 60959K [0x0000000080000000, 0x000000008ed80000, 0x00000000d5580000)
  object space 243200K, 25% used [0x0000000080000000,0x0000000083b87f88,0x000000008ed80000)
 Metaspace       used 111015K, capacity 116618K, committed 116928K, reserved 1150976K
  class space    used 14550K, capacity 15611K, committed 15872K, reserved 1048576K
}

